<?xml version="1.0" encoding="UTF-8"?>
<testng-results skipped="0" failed="0" total="1" passed="1">
  <reporter-output>
  </reporter-output>
  <suite name="Suite" duration-ms="20067" started-at="2019-08-03T17:35:38Z" finished-at="2019-08-03T17:35:58Z">
    <groups>
      <group name="cucumber">
        <method signature="AbstractTestNGCucumberTests.feature(cucumber.api.testng.CucumberFeatureWrapper)[pri:0, instance:DSTPS.Automation.Google_Automation.runners.GoogleFeature_TestRunner@6e0e048a]" name="feature" class="cucumber.api.testng.AbstractTestNGCucumberTests"/>
      </group> <!-- cucumber -->
    </groups>
    <test name="GoogleFeatures" duration-ms="20067" started-at="2019-08-03T17:35:38Z" finished-at="2019-08-03T17:35:58Z">
      <class name="DSTPS.Automation.Google_Automation.runners.GoogleFeature_TestRunner">
        <test-method status="PASS" signature="setUpClass()[pri:0, instance:DSTPS.Automation.Google_Automation.runners.GoogleFeature_TestRunner@6e0e048a]" name="setUpClass" is-config="true" duration-ms="952" started-at="2019-08-03T23:05:38Z" finished-at="2019-08-03T23:05:39Z">
          <reporter-output>
          </reporter-output>
        </test-method> <!-- setUpClass -->
        <test-method status="PASS" signature="feature(cucumber.api.testng.CucumberFeatureWrapper)[pri:0, instance:DSTPS.Automation.Google_Automation.runners.GoogleFeature_TestRunner@6e0e048a]" name="feature" duration-ms="18787" started-at="2019-08-03T23:05:39Z" description="Runs Cucumber Feature" data-provider="features" finished-at="2019-08-03T23:05:58Z">
          <params>
            <param index="0">
              <value>
                <![CDATA[SmokeTest Google application]]>
              </value>
            </param>
          </params>
          <reporter-output>
          </reporter-output>
        </test-method> <!-- feature -->
        <test-method status="PASS" signature="tearDownClass()[pri:0, instance:DSTPS.Automation.Google_Automation.runners.GoogleFeature_TestRunner@6e0e048a]" name="tearDownClass" is-config="true" duration-ms="32" started-at="2019-08-03T23:05:58Z" finished-at="2019-08-03T23:05:58Z">
          <reporter-output>
          </reporter-output>
        </test-method> <!-- tearDownClass -->
      </class> <!-- DSTPS.Automation.Google_Automation.runners.GoogleFeature_TestRunner -->
    </test> <!-- GoogleFeatures -->
  </suite> <!-- Suite -->
</testng-results>
